# JRE version: OpenJDK Runtime Environment Temurin-21.0.8+9 (21.0.8+9) (build 21.0.8+9-LTS)
# Java VM: OpenJDK 64-Bit Server VM Temurin-21.0.8+9 (21.0.8+9-LTS, mixed mode, sharing, tiered, compressed oops, compressed class ptrs, parallel gc, windows-amd64)
GC Precious Log:
 CardTable entry size: 512
 CPUs: 8 total, 8 available
 Memory: 16155M
 Large Page Support: Disabled
 NUMA Support: Disabled
 Compressed Oops: Enabled (32-bit)
 Alignments: Space 512K, Generation 512K, Heap 2M
 Heap Min Capacity: 100M
 Heap Initial Capacity: 100M
 Heap Max Capacity: 2G
 Pre-touch: Disabled
 Parallel Workers: 8
Heap:
 PSYoungGen      total 23040K, used 4455K [0x00000000d5580000, 0x00000000d7100000, 0x0000000100000000)
  eden space 22016K, 20% used [0x00000000d5580000,0x00000000d59d9fa0,0x00000000d6b00000)
  from space 1024K, 0% used [0x00000000d7000000,0x00000000d7000000,0x00000000d7100000)
  to   space 3072K, 0% used [0x00000000d6b00000,0x00000000d6b00000,0x00000000d6e00000)
 ParOldGen       total 68608K, used 21131K [0x0000000080000000, 0x0000000084300000, 0x00000000d5580000)
  object space 68608K, 30% used [0x0000000080000000,0x00000000814a2c10,0x0000000084300000)
 Metaspace       used 35053K, committed 36096K, reserved 1114112K
  class space    used 3677K, committed 4160K, reserved 1048576K
GC Heap History (20 events):
Event: 8.012 GC heap before
{Heap before GC invocations=7 (full 0):
 PSYoungGen      total 29696K, used 21075K [0x00000000d5580000, 0x00000000d7980000, 0x0000000100000000)
  eden space 24576K, 66% used [0x00000000d5580000,0x00000000d6580e58,0x00000000d6d80000)
  from space 5120K, 91% used [0x00000000d7480000,0x00000000d7913dd8,0x00000000d7980000)
  to   space 5632K, 0% used [0x00000000d6e80000,0x00000000d6e80000,0x00000000d7400000)
 ParOldGen       total 68608K, used 8344K [0x0000000080000000, 0x0000000084300000, 0x00000000d5580000)
  object space 68608K, 12% used [0x0000000080000000,0x0000000080826268,0x0000000084300000)
 Metaspace       used 20557K, committed 21504K, reserved 1114112K
  class space    used 2186K, committed 2624K, reserved 1048576K
}
Event: 8.021 GC heap after
{Heap after GC invocations=7 (full 0):
 PSYoungGen      total 29184K, used 4336K [0x00000000d5580000, 0x00000000d7680000, 0x0000000100000000)
  eden space 24576K, 0% used [0x00000000d5580000,0x00000000d5580000,0x00000000d6d80000)
  from space 4608K, 94% used [0x00000000d6e80000,0x00000000d72bc160,0x00000000d7300000)
  to   space 3584K, 0% used [0x00000000d7300000,0x00000000d7300000,0x00000000d7680000)
 ParOldGen       total 68608K, used 9724K [0x0000000080000000, 0x0000000084300000, 0x00000000d5580000)
  object space 68608K, 14% used [0x0000000080000000,0x000000008097f260,0x0000000084300000)
 Metaspace       used 20557K, committed 21504K, reserved 1114112K
  class space    used 2186K, committed 2624K, reserved 1048576K
}
Event: 8.021 GC heap before
{Heap before GC invocations=8 (full 1):
 PSYoungGen      total 29184K, used 4336K [0x00000000d5580000, 0x00000000d7680000, 0x0000000100000000)
  eden space 24576K, 0% used [0x00000000d5580000,0x00000000d5580000,0x00000000d6d80000)
  from space 4608K, 94% used [0x00000000d6e80000,0x00000000d72bc160,0x00000000d7300000)
  to   space 3584K, 0% used [0x00000000d7300000,0x00000000d7300000,0x00000000d7680000)
 ParOldGen       total 68608K, used 9724K [0x0000000080000000, 0x0000000084300000, 0x00000000d5580000)
  object space 68608K, 14% used [0x0000000080000000,0x000000008097f260,0x0000000084300000)
 Metaspace       used 20557K, committed 21504K, reserved 1114112K
  class space    used 2186K, committed 2624K, reserved 1048576K
}
Event: 8.066 GC heap after
{Heap after GC invocations=8 (full 1):
 PSYoungGen      total 29184K, used 0K [0x00000000d5580000, 0x00000000d7680000, 0x0000000100000000)
  eden space 24576K, 0% used [0x00000000d5580000,0x00000000d5580000,0x00000000d6d80000)
  from space 4608K, 0% used [0x00000000d6e80000,0x00000000d6e80000,0x00000000d7300000)
  to   space 3584K, 0% used [0x00000000d7300000,0x00000000d7300000,0x00000000d7680000)
 ParOldGen       total 68608K, used 13394K [0x0000000080000000, 0x0000000084300000, 0x00000000d5580000)
  object space 68608K, 19% used [0x0000000080000000,0x0000000080d14b98,0x0000000084300000)
 Metaspace       used 20544K, committed 21504K, reserved 1114112K
  class space    used 2183K, committed 2624K, reserved 1048576K
}
Event: 8.538 GC heap before
{Heap before GC invocations=9 (full 1):
 PSYoungGen      total 29184K, used 24576K [0x00000000d5580000, 0x00000000d7680000, 0x0000000100000000)
  eden space 24576K, 100% used [0x00000000d5580000,0x00000000d6d80000,0x00000000d6d80000)
  from space 4608K, 0% used [0x00000000d6e80000,0x00000000d6e80000,0x00000000d7300000)
  to   space 3584K, 0% used [0x00000000d7300000,0x00000000d7300000,0x00000000d7680000)
 ParOldGen       total 68608K, used 13394K [0x0000000080000000, 0x0000000084300000, 0x00000000d5580000)
  object space 68608K, 19% used [0x0000000080000000,0x0000000080d14b98,0x0000000084300000)
 Metaspace       used 22572K, committed 23552K, reserved 1114112K
  class space    used 2360K, committed 2752K, reserved 1048576K
}
Event: 8.540 GC heap after
{Heap after GC invocations=9 (full 1):
 PSYoungGen      total 27648K, used 3509K [0x00000000d5580000, 0x00000000d7680000, 0x0000000100000000)
  eden space 24064K, 0% used [0x00000000d5580000,0x00000000d5580000,0x00000000d6d00000)
  from space 3584K, 97% used [0x00000000d7300000,0x00000000d766d740,0x00000000d7680000)
  to   space 4096K, 0% used [0x00000000d6e80000,0x00000000d6e80000,0x00000000d7280000)
 ParOldGen       total 68608K, used 13488K [0x0000000080000000, 0x0000000084300000, 0x00000000d5580000)
  object space 68608K, 19% used [0x0000000080000000,0x0000000080d2c308,0x0000000084300000)
 Metaspace       used 22572K, committed 23552K, reserved 1114112K
  class space    used 2360K, committed 2752K, reserved 1048576K
}
Event: 9.872 GC heap before
{Heap before GC invocations=10 (full 1):
 PSYoungGen      total 27648K, used 27573K [0x00000000d5580000, 0x00000000d7680000, 0x0000000100000000)
  eden space 24064K, 100% used [0x00000000d5580000,0x00000000d6d00000,0x00000000d6d00000)
  from space 3584K, 97% used [0x00000000d7300000,0x00000000d766d740,0x00000000d7680000)
  to   space 4096K, 0% used [0x00000000d6e80000,0x00000000d6e80000,0x00000000d7280000)
 ParOldGen       total 68608K, used 13488K [0x0000000080000000, 0x0000000084300000, 0x00000000d5580000)
  object space 68608K, 19% used [0x0000000080000000,0x0000000080d2c308,0x0000000084300000)
 Metaspace       used 25749K, committed 26688K, reserved 1114112K
  class space    used 2627K, committed 3008K, reserved 1048576K
}
Event: 9.874 GC heap after
{Heap after GC invocations=10 (full 1):
 PSYoungGen      total 26624K, used 2726K [0x00000000d5580000, 0x00000000d7380000, 0x0000000100000000)
  eden space 23552K, 0% used [0x00000000d5580000,0x00000000d5580000,0x00000000d6c80000)
  from space 3072K, 88% used [0x00000000d6e80000,0x00000000d7129a18,0x00000000d7180000)
  to   space 2048K, 0% used [0x00000000d7180000,0x00000000d7180000,0x00000000d7380000)
 ParOldGen       total 68608K, used 13496K [0x0000000080000000, 0x0000000084300000, 0x00000000d5580000)
  object space 68608K, 19% used [0x0000000080000000,0x0000000080d2e308,0x0000000084300000)
 Metaspace       used 25749K, committed 26688K, reserved 1114112K
  class space    used 2627K, committed 3008K, reserved 1048576K
}
Event: 10.179 GC heap before
{Heap before GC invocations=11 (full 1):
 PSYoungGen      total 26624K, used 26059K [0x00000000d5580000, 0x00000000d7380000, 0x0000000100000000)
  eden space 23552K, 99% used [0x00000000d5580000,0x00000000d6c495a8,0x00000000d6c80000)
  from space 3072K, 88% used [0x00000000d6e80000,0x00000000d7129a18,0x00000000d7180000)
  to   space 2048K, 0% used [0x00000000d7180000,0x00000000d7180000,0x00000000d7380000)
 ParOldGen       total 68608K, used 13496K [0x0000000080000000, 0x0000000084300000, 0x00000000d5580000)
  object space 68608K, 19% used [0x0000000080000000,0x0000000080d2e308,0x0000000084300000)
 Metaspace       used 28842K, committed 29824K, reserved 1114112K
  class space    used 2956K, committed 3392K, reserved 1048576K
}
Event: 10.182 GC heap after
{Heap after GC invocations=11 (full 1):
 PSYoungGen      total 25088K, used 1772K [0x00000000d5580000, 0x00000000d7380000, 0x0000000100000000)
  eden space 23040K, 0% used [0x00000000d5580000,0x00000000d5580000,0x00000000d6c00000)
  from space 2048K, 86% used [0x00000000d7180000,0x00000000d733b0e0,0x00000000d7380000)
  to   space 2560K, 0% used [0x00000000d6e80000,0x00000000d6e80000,0x00000000d7100000)
 ParOldGen       total 68608K, used 15618K [0x0000000080000000, 0x0000000084300000, 0x00000000d5580000)
  object space 68608K, 22% used [0x0000000080000000,0x0000000080f409f8,0x0000000084300000)
 Metaspace       used 28842K, committed 29824K, reserved 1114112K
  class space    used 2956K, committed 3392K, reserved 1048576K
}
Event: 10.423 GC heap before
{Heap before GC invocations=12 (full 1):
 PSYoungGen      total 25088K, used 24812K [0x00000000d5580000, 0x00000000d7380000, 0x0000000100000000)
  eden space 23040K, 100% used [0x00000000d5580000,0x00000000d6c00000,0x00000000d6c00000)
  from space 2048K, 86% used [0x00000000d7180000,0x00000000d733b0e0,0x00000000d7380000)
  to   space 2560K, 0% used [0x00000000d6e80000,0x00000000d6e80000,0x00000000d7100000)
 ParOldGen       total 68608K, used 15618K [0x0000000080000000, 0x0000000084300000, 0x00000000d5580000)
  object space 68608K, 22% used [0x0000000080000000,0x0000000080f409f8,0x0000000084300000)
 Metaspace       used 29977K, committed 31040K, reserved 1114112K
  class space    used 3086K, committed 3584K, reserved 1048576K
}
Event: 10.425 GC heap after
{Heap after GC invocations=12 (full 1):
 PSYoungGen      total 24576K, used 1674K [0x00000000d5580000, 0x00000000d7200000, 0x0000000100000000)
  eden space 22528K, 0% used [0x00000000d5580000,0x00000000d5580000,0x00000000d6b80000)
  from space 2048K, 81% used [0x00000000d6e80000,0x00000000d7022b10,0x00000000d7080000)
  to   space 1536K, 0% used [0x00000000d7080000,0x00000000d7080000,0x00000000d7200000)
 ParOldGen       total 68608K, used 17121K [0x0000000080000000, 0x0000000084300000, 0x00000000d5580000)
  object space 68608K, 24% used [0x0000000080000000,0x00000000810b87c8,0x0000000084300000)
 Metaspace       used 29977K, committed 31040K, reserved 1114112K
  class space    used 3086K, committed 3584K, reserved 1048576K
}
Event: 10.719 GC heap before
{Heap before GC invocations=13 (full 1):
 PSYoungGen      total 24576K, used 24202K [0x00000000d5580000, 0x00000000d7200000, 0x0000000100000000)
  eden space 22528K, 100% used [0x00000000d5580000,0x00000000d6b80000,0x00000000d6b80000)
  from space 2048K, 81% used [0x00000000d6e80000,0x00000000d7022b10,0x00000000d7080000)
  to   space 1536K, 0% used [0x00000000d7080000,0x00000000d7080000,0x00000000d7200000)
 ParOldGen       total 68608K, used 17121K [0x0000000080000000, 0x0000000084300000, 0x00000000d5580000)
  object space 68608K, 24% used [0x0000000080000000,0x00000000810b87c8,0x0000000084300000)
 Metaspace       used 31463K, committed 32512K, reserved 1114112K
  class space    used 3241K, committed 3712K, reserved 1048576K
}
Event: 10.721 GC heap after
{Heap after GC invocations=13 (full 1):
 PSYoungGen      total 23040K, used 919K [0x00000000d5580000, 0x00000000d7180000, 0x0000000100000000)
  eden space 22016K, 0% used [0x00000000d5580000,0x00000000d5580000,0x00000000d6b00000)
  from space 1024K, 89% used [0x00000000d7080000,0x00000000d7165f78,0x00000000d7180000)
  to   space 1536K, 0% used [0x00000000d6e80000,0x00000000d6e80000,0x00000000d7000000)
 ParOldGen       total 68608K, used 18427K [0x0000000080000000, 0x0000000084300000, 0x00000000d5580000)
  object space 68608K, 26% used [0x0000000080000000,0x00000000811fed28,0x0000000084300000)
 Metaspace       used 31463K, committed 32512K, reserved 1114112K
  class space    used 3241K, committed 3712K, reserved 1048576K
}
Event: 11.284 GC heap before
{Heap before GC invocations=14 (full 1):
 PSYoungGen      total 23040K, used 22935K [0x00000000d5580000, 0x00000000d7180000, 0x0000000100000000)
  eden space 22016K, 100% used [0x00000000d5580000,0x00000000d6b00000,0x00000000d6b00000)
  from space 1024K, 89% used [0x00000000d7080000,0x00000000d7165f78,0x00000000d7180000)
  to   space 1536K, 0% used [0x00000000d6e80000,0x00000000d6e80000,0x00000000d7000000)
 ParOldGen       total 68608K, used 18427K [0x0000000080000000, 0x0000000084300000, 0x00000000d5580000)
  object space 68608K, 26% used [0x0000000080000000,0x00000000811fed28,0x0000000084300000)
 Metaspace       used 33768K, committed 34816K, reserved 1114112K
  class space    used 3516K, committed 3968K, reserved 1048576K
}
Event: 11.285 GC heap after
{Heap after GC invocations=14 (full 1):
 PSYoungGen      total 23552K, used 1504K [0x00000000d5580000, 0x00000000d7100000, 0x0000000100000000)
  eden space 22016K, 0% used [0x00000000d5580000,0x00000000d5580000,0x00000000d6b00000)
  from space 1536K, 97% used [0x00000000d6e80000,0x00000000d6ff8000,0x00000000d7000000)
  to   space 1024K, 0% used [0x00000000d7000000,0x00000000d7000000,0x00000000d7100000)
 ParOldGen       total 68608K, used 19115K [0x0000000080000000, 0x0000000084300000, 0x00000000d5580000)
  object space 68608K, 27% used [0x0000000080000000,0x00000000812aad28,0x0000000084300000)
 Metaspace       used 33768K, committed 34816K, reserved 1114112K
  class space    used 3516K, committed 3968K, reserved 1048576K
}
Event: 11.547 GC heap before
{Heap before GC invocations=15 (full 1):
 PSYoungGen      total 23552K, used 16423K [0x00000000d5580000, 0x00000000d7100000, 0x0000000100000000)
  eden space 22016K, 67% used [0x00000000d5580000,0x00000000d6411ee0,0x00000000d6b00000)
  from space 1536K, 97% used [0x00000000d6e80000,0x00000000d6ff8000,0x00000000d7000000)
  to   space 1024K, 0% used [0x00000000d7000000,0x00000000d7000000,0x00000000d7100000)
 ParOldGen       total 68608K, used 19115K [0x0000000080000000, 0x0000000084300000, 0x00000000d5580000)
  object space 68608K, 27% used [0x0000000080000000,0x00000000812aad28,0x0000000084300000)
 Metaspace       used 34821K, committed 35840K, reserved 1114112K
  class space    used 3643K, committed 4096K, reserved 1048576K
}
Event: 11.551 GC heap after
{Heap after GC invocations=15 (full 1):
 PSYoungGen      total 23040K, used 1024K [0x00000000d5580000, 0x00000000d7100000, 0x0000000100000000)
  eden space 22016K, 0% used [0x00000000d5580000,0x00000000d5580000,0x00000000d6b00000)
  from space 1024K, 100% used [0x00000000d7000000,0x00000000d7100000,0x00000000d7100000)
  to   space 3072K, 0% used [0x00000000d6b00000,0x00000000d6b00000,0x00000000d6e00000)
 ParOldGen       total 68608K, used 20907K [0x0000000080000000, 0x0000000084300000, 0x00000000d5580000)
  object space 68608K, 30% used [0x0000000080000000,0x000000008146ad38,0x0000000084300000)
 Metaspace       used 34821K, committed 35840K, reserved 1114112K
  class space    used 3643K, committed 4096K, reserved 1048576K
}
Event: 11.551 GC heap before
{Heap before GC invocations=16 (full 2):
 PSYoungGen      total 23040K, used 1024K [0x00000000d5580000, 0x00000000d7100000, 0x0000000100000000)
  eden space 22016K, 0% used [0x00000000d5580000,0x00000000d5580000,0x00000000d6b00000)
  from space 1024K, 100% used [0x00000000d7000000,0x00000000d7100000,0x00000000d7100000)
  to   space 3072K, 0% used [0x00000000d6b00000,0x00000000d6b00000,0x00000000d6e00000)
 ParOldGen       total 68608K, used 20907K [0x0000000080000000, 0x0000000084300000, 0x00000000d5580000)
  object space 68608K, 30% used [0x0000000080000000,0x000000008146ad38,0x0000000084300000)
 Metaspace       used 34821K, committed 35840K, reserved 1114112K
  class space    used 3643K, committed 4096K, reserved 1048576K
}
Event: 11.602 GC heap after
{Heap after GC invocations=16 (full 2):
 PSYoungGen      total 23040K, used 0K [0x00000000d5580000, 0x00000000d7100000, 0x0000000100000000)
  eden space 22016K, 0% used [0x00000000d5580000,0x00000000d5580000,0x00000000d6b00000)
  from space 1024K, 0% used [0x00000000d7000000,0x00000000d7000000,0x00000000d7100000)
  to   space 3072K, 0% used [0x00000000d6b00000,0x00000000d6b00000,0x00000000d6e00000)
 ParOldGen       total 68608K, used 21131K [0x0000000080000000, 0x0000000084300000, 0x00000000d5580000)
  object space 68608K, 30% used [0x0000000080000000,0x00000000814a2c10,0x0000000084300000)
 Metaspace       used 34821K, committed 35840K, reserved 1114112K
  class space    used 3643K, committed 4096K, reserved 1048576K
}

