# JRE version: OpenJDK Runtime Environment Temurin-21.0.8+9 (21.0.8+9) (build 21.0.8+9-LTS)
# Java VM: OpenJDK 64-Bit Server VM Temurin-21.0.8+9 (21.0.8+9-LTS, mixed mode, sharing, tiered, compressed oops, compressed class ptrs, parallel gc, windows-amd64)
GC Precious Log:
 CardTable entry size: 512
 CPUs: 8 total, 8 available
 Memory: 16155M
 Large Page Support: Disabled
 NUMA Support: Disabled
 Compressed Oops: Enabled (32-bit)
 Alignments: Space 512K, Generation 512K, Heap 2M
 Heap Min Capacity: 100M
 Heap Initial Capacity: 100M
 Heap Max Capacity: 2G
 Pre-touch: Disabled
 Parallel Workers: 8
Heap:
 PSYoungGen      total 4096K, used 3507K [0x00000000d5580000, 0x00000000d5b00000, 0x0000000100000000)
  eden space 3584K, 90% used [0x00000000d5580000,0x00000000d58acf28,0x00000000d5900000)
  from space 512K, 50% used [0x00000000d5a80000,0x00000000d5ac0000,0x00000000d5b00000)
  to   space 512K, 0% used [0x00000000d5a00000,0x00000000d5a00000,0x00000000d5a80000)
 ParOldGen       total 1180672K, used 311887K [0x0000000080000000, 0x00000000c8100000, 0x00000000d5580000)
  object space 1180672K, 26% used [0x0000000080000000,0x0000000093093d00,0x00000000c8100000)
 Metaspace       used 93206K, committed 94912K, reserved 1179648K
  class space    used 9204K, committed 10048K, reserved 1048576K
GC Heap History (20 events):
Event: 9078.522 GC heap before
{Heap before GC invocations=4087 (full 6):
 PSYoungGen      total 4096K, used 3776K [0x00000000d5580000, 0x00000000d5b80000, 0x0000000100000000)
  eden space 3584K, 100% used [0x00000000d5580000,0x00000000d5900000,0x00000000d5900000)
  from space 512K, 37% used [0x00000000d5b00000,0x00000000d5b30000,0x00000000d5b80000)
  to   space 512K, 0% used [0x00000000d5a80000,0x00000000d5a80000,0x00000000d5b00000)
 ParOldGen       total 1180672K, used 309053K [0x0000000080000000, 0x00000000c8100000, 0x00000000d5580000)
  object space 1180672K, 26% used [0x0000000080000000,0x0000000092dcf4b8,0x00000000c8100000)
 Metaspace       used 93157K, committed 94848K, reserved 1179648K
  class space    used 9204K, committed 10048K, reserved 1048576K
}
Event: 9078.523 GC heap after
{Heap after GC invocations=4087 (full 6):
 PSYoungGen      total 4096K, used 192K [0x00000000d5580000, 0x00000000d5b80000, 0x0000000100000000)
  eden space 3584K, 0% used [0x00000000d5580000,0x00000000d5580000,0x00000000d5900000)
  from space 512K, 37% used [0x00000000d5a80000,0x00000000d5ab0000,0x00000000d5b00000)
  to   space 512K, 0% used [0x00000000d5b00000,0x00000000d5b00000,0x00000000d5b80000)
 ParOldGen       total 1180672K, used 309061K [0x0000000080000000, 0x00000000c8100000, 0x00000000d5580000)
  object space 1180672K, 26% used [0x0000000080000000,0x0000000092dd14b8,0x00000000c8100000)
 Metaspace       used 93157K, committed 94848K, reserved 1179648K
  class space    used 9204K, committed 10048K, reserved 1048576K
}
Event: 9078.603 GC heap before
{Heap before GC invocations=4088 (full 6):
 PSYoungGen      total 4096K, used 3776K [0x00000000d5580000, 0x00000000d5b80000, 0x0000000100000000)
  eden space 3584K, 100% used [0x00000000d5580000,0x00000000d5900000,0x00000000d5900000)
  from space 512K, 37% used [0x00000000d5a80000,0x00000000d5ab0000,0x00000000d5b00000)
  to   space 512K, 0% used [0x00000000d5b00000,0x00000000d5b00000,0x00000000d5b80000)
 ParOldGen       total 1180672K, used 309061K [0x0000000080000000, 0x00000000c8100000, 0x00000000d5580000)
  object space 1180672K, 26% used [0x0000000080000000,0x0000000092dd14b8,0x00000000c8100000)
 Metaspace       used 93157K, committed 94848K, reserved 1179648K
  class space    used 9204K, committed 10048K, reserved 1048576K
}
Event: 9078.603 GC heap after
{Heap after GC invocations=4088 (full 6):
 PSYoungGen      total 4096K, used 160K [0x00000000d5580000, 0x00000000d5b80000, 0x0000000100000000)
  eden space 3584K, 0% used [0x00000000d5580000,0x00000000d5580000,0x00000000d5900000)
  from space 512K, 31% used [0x00000000d5b00000,0x00000000d5b28000,0x00000000d5b80000)
  to   space 512K, 0% used [0x00000000d5a80000,0x00000000d5a80000,0x00000000d5b00000)
 ParOldGen       total 1180672K, used 309061K [0x0000000080000000, 0x00000000c8100000, 0x00000000d5580000)
  object space 1180672K, 26% used [0x0000000080000000,0x0000000092dd14b8,0x00000000c8100000)
 Metaspace       used 93157K, committed 94848K, reserved 1179648K
  class space    used 9204K, committed 10048K, reserved 1048576K
}
Event: 9079.208 GC heap before
{Heap before GC invocations=4089 (full 6):
 PSYoungGen      total 4096K, used 3744K [0x00000000d5580000, 0x00000000d5b80000, 0x0000000100000000)
  eden space 3584K, 100% used [0x00000000d5580000,0x00000000d5900000,0x00000000d5900000)
  from space 512K, 31% used [0x00000000d5b00000,0x00000000d5b28000,0x00000000d5b80000)
  to   space 512K, 0% used [0x00000000d5a80000,0x00000000d5a80000,0x00000000d5b00000)
 ParOldGen       total 1180672K, used 309061K [0x0000000080000000, 0x00000000c8100000, 0x00000000d5580000)
  object space 1180672K, 26% used [0x0000000080000000,0x0000000092dd14b8,0x00000000c8100000)
 Metaspace       used 93157K, committed 94848K, reserved 1179648K
  class space    used 9204K, committed 10048K, reserved 1048576K
}
Event: 9079.209 GC heap after
{Heap after GC invocations=4089 (full 6):
 PSYoungGen      total 4096K, used 224K [0x00000000d5580000, 0x00000000d5b80000, 0x0000000100000000)
  eden space 3584K, 0% used [0x00000000d5580000,0x00000000d5580000,0x00000000d5900000)
  from space 512K, 43% used [0x00000000d5a80000,0x00000000d5ab8000,0x00000000d5b00000)
  to   space 512K, 0% used [0x00000000d5b00000,0x00000000d5b00000,0x00000000d5b80000)
 ParOldGen       total 1180672K, used 309061K [0x0000000080000000, 0x00000000c8100000, 0x00000000d5580000)
  object space 1180672K, 26% used [0x0000000080000000,0x0000000092dd14b8,0x00000000c8100000)
 Metaspace       used 93157K, committed 94848K, reserved 1179648K
  class space    used 9204K, committed 10048K, reserved 1048576K
}
Event: 9079.408 GC heap before
{Heap before GC invocations=4090 (full 6):
 PSYoungGen      total 4096K, used 3808K [0x00000000d5580000, 0x00000000d5b80000, 0x0000000100000000)
  eden space 3584K, 100% used [0x00000000d5580000,0x00000000d5900000,0x00000000d5900000)
  from space 512K, 43% used [0x00000000d5a80000,0x00000000d5ab8000,0x00000000d5b00000)
  to   space 512K, 0% used [0x00000000d5b00000,0x00000000d5b00000,0x00000000d5b80000)
 ParOldGen       total 1180672K, used 309061K [0x0000000080000000, 0x00000000c8100000, 0x00000000d5580000)
  object space 1180672K, 26% used [0x0000000080000000,0x0000000092dd14b8,0x00000000c8100000)
 Metaspace       used 93186K, committed 94912K, reserved 1179648K
  class space    used 9204K, committed 10048K, reserved 1048576K
}
Event: 9079.411 GC heap after
{Heap after GC invocations=4090 (full 6):
 PSYoungGen      total 4096K, used 483K [0x00000000d5580000, 0x00000000d5d00000, 0x0000000100000000)
  eden space 3584K, 0% used [0x00000000d5580000,0x00000000d5580000,0x00000000d5900000)
  from space 512K, 94% used [0x00000000d5b00000,0x00000000d5b78f60,0x00000000d5b80000)
  to   space 2048K, 0% used [0x00000000d5900000,0x00000000d5900000,0x00000000d5b00000)
 ParOldGen       total 1180672K, used 310018K [0x0000000080000000, 0x00000000c8100000, 0x00000000d5580000)
  object space 1180672K, 26% used [0x0000000080000000,0x0000000092ec08f8,0x00000000c8100000)
 Metaspace       used 93186K, committed 94912K, reserved 1179648K
  class space    used 9204K, committed 10048K, reserved 1048576K
}
Event: 9079.421 GC heap before
{Heap before GC invocations=4091 (full 6):
 PSYoungGen      total 4096K, used 4067K [0x00000000d5580000, 0x00000000d5d00000, 0x0000000100000000)
  eden space 3584K, 100% used [0x00000000d5580000,0x00000000d5900000,0x00000000d5900000)
  from space 512K, 94% used [0x00000000d5b00000,0x00000000d5b78f60,0x00000000d5b80000)
  to   space 2048K, 0% used [0x00000000d5900000,0x00000000d5900000,0x00000000d5b00000)
 ParOldGen       total 1180672K, used 310018K [0x0000000080000000, 0x00000000c8100000, 0x00000000d5580000)
  object space 1180672K, 26% used [0x0000000080000000,0x0000000092ec08f8,0x00000000c8100000)
 Metaspace       used 93186K, committed 94912K, reserved 1179648K
  class space    used 9204K, committed 10048K, reserved 1048576K
}
Event: 9079.423 GC heap after
{Heap after GC invocations=4091 (full 6):
 PSYoungGen      total 4608K, used 981K [0x00000000d5580000, 0x00000000d5c00000, 0x0000000100000000)
  eden space 3584K, 0% used [0x00000000d5580000,0x00000000d5580000,0x00000000d5900000)
  from space 1024K, 95% used [0x00000000d5900000,0x00000000d59f55b8,0x00000000d5a00000)
  to   space 1536K, 0% used [0x00000000d5a80000,0x00000000d5a80000,0x00000000d5c00000)
 ParOldGen       total 1180672K, used 310508K [0x0000000080000000, 0x00000000c8100000, 0x00000000d5580000)
  object space 1180672K, 26% used [0x0000000080000000,0x0000000092f3b3c0,0x00000000c8100000)
 Metaspace       used 93186K, committed 94912K, reserved 1179648K
  class space    used 9204K, committed 10048K, reserved 1048576K
}
Event: 9079.431 GC heap before
{Heap before GC invocations=4092 (full 6):
 PSYoungGen      total 4608K, used 4565K [0x00000000d5580000, 0x00000000d5c00000, 0x0000000100000000)
  eden space 3584K, 100% used [0x00000000d5580000,0x00000000d5900000,0x00000000d5900000)
  from space 1024K, 95% used [0x00000000d5900000,0x00000000d59f55b8,0x00000000d5a00000)
  to   space 1536K, 0% used [0x00000000d5a80000,0x00000000d5a80000,0x00000000d5c00000)
 ParOldGen       total 1180672K, used 310508K [0x0000000080000000, 0x00000000c8100000, 0x00000000d5580000)
  object space 1180672K, 26% used [0x0000000080000000,0x0000000092f3b3c0,0x00000000c8100000)
 Metaspace       used 93186K, committed 94912K, reserved 1179648K
  class space    used 9204K, committed 10048K, reserved 1048576K
}
Event: 9079.434 GC heap after
{Heap after GC invocations=4092 (full 6):
 PSYoungGen      total 4096K, used 355K [0x00000000d5580000, 0x00000000d5b00000, 0x0000000100000000)
  eden space 3584K, 0% used [0x00000000d5580000,0x00000000d5580000,0x00000000d5900000)
  from space 512K, 69% used [0x00000000d5a80000,0x00000000d5ad8f60,0x00000000d5b00000)
  to   space 1024K, 0% used [0x00000000d5900000,0x00000000d5900000,0x00000000d5a00000)
 ParOldGen       total 1180672K, used 311399K [0x0000000080000000, 0x00000000c8100000, 0x00000000d5580000)
  object space 1180672K, 26% used [0x0000000080000000,0x0000000093019c58,0x00000000c8100000)
 Metaspace       used 93186K, committed 94912K, reserved 1179648K
  class space    used 9204K, committed 10048K, reserved 1048576K
}
Event: 9079.442 GC heap before
{Heap before GC invocations=4093 (full 6):
 PSYoungGen      total 4096K, used 3939K [0x00000000d5580000, 0x00000000d5b00000, 0x0000000100000000)
  eden space 3584K, 100% used [0x00000000d5580000,0x00000000d5900000,0x00000000d5900000)
  from space 512K, 69% used [0x00000000d5a80000,0x00000000d5ad8f60,0x00000000d5b00000)
  to   space 1024K, 0% used [0x00000000d5900000,0x00000000d5900000,0x00000000d5a00000)
 ParOldGen       total 1180672K, used 311399K [0x0000000080000000, 0x00000000c8100000, 0x00000000d5580000)
  object space 1180672K, 26% used [0x0000000080000000,0x0000000093019c58,0x00000000c8100000)
 Metaspace       used 93186K, committed 94912K, reserved 1179648K
  class space    used 9204K, committed 10048K, reserved 1048576K
}
Event: 9079.444 GC heap after
{Heap after GC invocations=4093 (full 6):
 PSYoungGen      total 4608K, used 192K [0x00000000d5580000, 0x00000000d5b00000, 0x0000000100000000)
  eden space 3584K, 0% used [0x00000000d5580000,0x00000000d5580000,0x00000000d5900000)
  from space 1024K, 18% used [0x00000000d5900000,0x00000000d5930000,0x00000000d5a00000)
  to   space 512K, 0% used [0x00000000d5a80000,0x00000000d5a80000,0x00000000d5b00000)
 ParOldGen       total 1180672K, used 311751K [0x0000000080000000, 0x00000000c8100000, 0x00000000d5580000)
  object space 1180672K, 26% used [0x0000000080000000,0x0000000093071d00,0x00000000c8100000)
 Metaspace       used 93186K, committed 94912K, reserved 1179648K
  class space    used 9204K, committed 10048K, reserved 1048576K
}
Event: 9079.715 GC heap before
{Heap before GC invocations=4094 (full 6):
 PSYoungGen      total 4608K, used 3776K [0x00000000d5580000, 0x00000000d5b00000, 0x0000000100000000)
  eden space 3584K, 100% used [0x00000000d5580000,0x00000000d5900000,0x00000000d5900000)
  from space 1024K, 18% used [0x00000000d5900000,0x00000000d5930000,0x00000000d5a00000)
  to   space 512K, 0% used [0x00000000d5a80000,0x00000000d5a80000,0x00000000d5b00000)
 ParOldGen       total 1180672K, used 311751K [0x0000000080000000, 0x00000000c8100000, 0x00000000d5580000)
  object space 1180672K, 26% used [0x0000000080000000,0x0000000093071d00,0x00000000c8100000)
 Metaspace       used 93186K, committed 94912K, reserved 1179648K
  class space    used 9204K, committed 10048K, reserved 1048576K
}
Event: 9079.715 GC heap after
{Heap after GC invocations=4094 (full 6):
 PSYoungGen      total 4096K, used 224K [0x00000000d5580000, 0x00000000d5b00000, 0x0000000100000000)
  eden space 3584K, 0% used [0x00000000d5580000,0x00000000d5580000,0x00000000d5900000)
  from space 512K, 43% used [0x00000000d5a80000,0x00000000d5ab8000,0x00000000d5b00000)
  to   space 512K, 0% used [0x00000000d5a00000,0x00000000d5a00000,0x00000000d5a80000)
 ParOldGen       total 1180672K, used 311799K [0x0000000080000000, 0x00000000c8100000, 0x00000000d5580000)
  object space 1180672K, 26% used [0x0000000080000000,0x000000009307dd00,0x00000000c8100000)
 Metaspace       used 93186K, committed 94912K, reserved 1179648K
  class space    used 9204K, committed 10048K, reserved 1048576K
}
Event: 9082.291 GC heap before
{Heap before GC invocations=4095 (full 6):
 PSYoungGen      total 4096K, used 3808K [0x00000000d5580000, 0x00000000d5b00000, 0x0000000100000000)
  eden space 3584K, 100% used [0x00000000d5580000,0x00000000d5900000,0x00000000d5900000)
  from space 512K, 43% used [0x00000000d5a80000,0x00000000d5ab8000,0x00000000d5b00000)
  to   space 512K, 0% used [0x00000000d5a00000,0x00000000d5a00000,0x00000000d5a80000)
 ParOldGen       total 1180672K, used 311799K [0x0000000080000000, 0x00000000c8100000, 0x00000000d5580000)
  object space 1180672K, 26% used [0x0000000080000000,0x000000009307dd00,0x00000000c8100000)
 Metaspace       used 93186K, committed 94912K, reserved 1179648K
  class space    used 9204K, committed 10048K, reserved 1048576K
}
Event: 9082.292 GC heap after
{Heap after GC invocations=4095 (full 6):
 PSYoungGen      total 4096K, used 192K [0x00000000d5580000, 0x00000000d5b00000, 0x0000000100000000)
  eden space 3584K, 0% used [0x00000000d5580000,0x00000000d5580000,0x00000000d5900000)
  from space 512K, 37% used [0x00000000d5a00000,0x00000000d5a30000,0x00000000d5a80000)
  to   space 512K, 0% used [0x00000000d5a80000,0x00000000d5a80000,0x00000000d5b00000)
 ParOldGen       total 1180672K, used 311855K [0x0000000080000000, 0x00000000c8100000, 0x00000000d5580000)
  object space 1180672K, 26% used [0x0000000080000000,0x000000009308bd00,0x00000000c8100000)
 Metaspace       used 93186K, committed 94912K, reserved 1179648K
  class space    used 9204K, committed 10048K, reserved 1048576K
}
Event: 9285.371 GC heap before
{Heap before GC invocations=4096 (full 6):
 PSYoungGen      total 4096K, used 3776K [0x00000000d5580000, 0x00000000d5b00000, 0x0000000100000000)
  eden space 3584K, 100% used [0x00000000d5580000,0x00000000d5900000,0x00000000d5900000)
  from space 512K, 37% used [0x00000000d5a00000,0x00000000d5a30000,0x00000000d5a80000)
  to   space 512K, 0% used [0x00000000d5a80000,0x00000000d5a80000,0x00000000d5b00000)
 ParOldGen       total 1180672K, used 311855K [0x0000000080000000, 0x00000000c8100000, 0x00000000d5580000)
  object space 1180672K, 26% used [0x0000000080000000,0x000000009308bd00,0x00000000c8100000)
 Metaspace       used 93187K, committed 94912K, reserved 1179648K
  class space    used 9204K, committed 10048K, reserved 1048576K
}
Event: 9285.372 GC heap after
{Heap after GC invocations=4096 (full 6):
 PSYoungGen      total 4096K, used 256K [0x00000000d5580000, 0x00000000d5b00000, 0x0000000100000000)
  eden space 3584K, 0% used [0x00000000d5580000,0x00000000d5580000,0x00000000d5900000)
  from space 512K, 50% used [0x00000000d5a80000,0x00000000d5ac0000,0x00000000d5b00000)
  to   space 512K, 0% used [0x00000000d5a00000,0x00000000d5a00000,0x00000000d5a80000)
 ParOldGen       total 1180672K, used 311887K [0x0000000080000000, 0x00000000c8100000, 0x00000000d5580000)
  object space 1180672K, 26% used [0x0000000080000000,0x0000000093093d00,0x00000000c8100000)
 Metaspace       used 93187K, committed 94912K, reserved 1179648K
  class space    used 9204K, committed 10048K, reserved 1048576K
}

